<?xml version="1.0" encoding="UTF-8"?>
<testng-results skipped="0" failed="0" total="1" passed="1">
  <reporter-output>
  </reporter-output>
  <suite name="Default suite" duration-ms="23653" started-at="2016-10-21T13:51:34Z" finished-at="2016-10-21T13:51:58Z">
    <groups>
    </groups>
    <test name="Default test" duration-ms="23653" started-at="2016-10-21T13:51:34Z" finished-at="2016-10-21T13:51:58Z">
      <class name="qait.gitTest.AppTest">
        <test-method status="PASS" signature="guru99Test()[pri:0, instance:qait.gitTest.AppTest@224edc67]" name="guru99Test" duration-ms="23617" started-at="2016-10-21T19:21:34Z" finished-at="2016-10-21T19:21:58Z">
          <reporter-output>
          </reporter-output>
        </test-method> <!-- guru99Test -->
      </class> <!-- qait.gitTest.AppTest -->
    </test> <!-- Default test -->
  </suite> <!-- Default suite -->
</testng-results>
